# JRE version: Java(TM) SE Runtime Environment (8.0_73-b02) (build 1.8.0_73-b02)
# Java VM: Java HotSpot(TM) 64-Bit Server VM (25.73-b02 mixed mode windows-amd64 compressed oops)
Heap:
 PSYoungGen      total 105472K, used 18534K [0x00000000e0580000, 0x00000000e9280000, 0x0000000100000000)
  eden space 93696K, 19% used [0x00000000e0580000,0x00000000e1799858,0x00000000e6100000)
  from space 11776K, 0% used [0x00000000e8700000,0x00000000e8700000,0x00000000e9280000)
  to   space 9216K, 0% used [0x00000000e6100000,0x00000000e6100000,0x00000000e6a00000)
 ParOldGen       total 48128K, used 19329K [0x00000000a1000000, 0x00000000a3f00000, 0x00000000e0580000)
  object space 48128K, 40% used [0x00000000a1000000,0x00000000a22e0610,0x00000000a3f00000)
 Metaspace       used 34779K, capacity 37002K, committed 37120K, reserved 1081344K
  class space    used 4630K, capacity 5044K, committed 5120K, reserved 1048576K
GC Heap History (10 events):
Event: 5.998 GC heap before
{Heap before GC invocations=6 (full 1):
 PSYoungGen      total 53248K, used 4091K [0x00000000e0580000, 0x00000000e7780000, 0x0000000100000000)
  eden space 49152K, 0% used [0x00000000e0580000,0x00000000e0580000,0x00000000e3580000)
  from space 4096K, 99% used [0x00000000e3580000,0x00000000e397edf8,0x00000000e3980000)
  to   space 9216K, 0% used [0x00000000e6e80000,0x00000000e6e80000,0x00000000e7780000)
 ParOldGen       total 65536K, used 12371K [0x00000000a1000000, 0x00000000a5000000, 0x00000000e0580000)
  object space 65536K, 18% used [0x00000000a1000000,0x00000000a1c14d98,0x00000000a5000000)
 Metaspace       used 20319K, capacity 21252K, committed 21296K, reserved 1067008K
  class space    used 2669K, capacity 2911K, committed 2944K, reserved 1048576K
Event: 6.036 GC heap after
Heap after GC invocations=6 (full 1):
 PSYoungGen      total 53248K, used 0K [0x00000000e0580000, 0x00000000e7780000, 0x0000000100000000)
  eden space 49152K, 0% used [0x00000000e0580000,0x00000000e0580000,0x00000000e3580000)
  from space 4096K, 0% used [0x00000000e3580000,0x00000000e3580000,0x00000000e3980000)
  to   space 9216K, 0% used [0x00000000e6e80000,0x00000000e6e80000,0x00000000e7780000)
 ParOldGen       total 48128K, used 9394K [0x00000000a1000000, 0x00000000a3f00000, 0x00000000e0580000)
  object space 48128K, 19% used [0x00000000a1000000,0x00000000a192ca48,0x00000000a3f00000)
 Metaspace       used 20317K, capacity 21246K, committed 21296K, reserved 1067008K
  class space    used 2668K, capacity 2910K, committed 2944K, reserved 1048576K
}
Event: 14.806 GC heap before
{Heap before GC invocations=7 (full 1):
 PSYoungGen      total 53248K, used 49152K [0x00000000e0580000, 0x00000000e7780000, 0x0000000100000000)
  eden space 49152K, 100% used [0x00000000e0580000,0x00000000e3580000,0x00000000e3580000)
  from space 4096K, 0% used [0x00000000e3580000,0x00000000e3580000,0x00000000e3980000)
  to   space 9216K, 0% used [0x00000000e6e80000,0x00000000e6e80000,0x00000000e7780000)
 ParOldGen       total 48128K, used 9394K [0x00000000a1000000, 0x00000000a3f00000, 0x00000000e0580000)
  object space 48128K, 19% used [0x00000000a1000000,0x00000000a192ca48,0x00000000a3f00000)
 Metaspace       used 22687K, capacity 23748K, committed 24064K, reserved 1071104K
  class space    used 2986K, capacity 3223K, committed 3328K, reserved 1048576K
Event: 14.812 GC heap after
Heap after GC invocations=7 (full 1):
 PSYoungGen      total 81920K, used 4539K [0x00000000e0580000, 0x00000000e7300000, 0x0000000100000000)
  eden space 77312K, 0% used [0x00000000e0580000,0x00000000e0580000,0x00000000e5100000)
  from space 4608K, 98% used [0x00000000e6e80000,0x00000000e72eeea0,0x00000000e7300000)
  to   space 9216K, 0% used [0x00000000e6100000,0x00000000e6100000,0x00000000e6a00000)
 ParOldGen       total 48128K, used 9402K [0x00000000a1000000, 0x00000000a3f00000, 0x00000000e0580000)
  object space 48128K, 19% used [0x00000000a1000000,0x00000000a192ea48,0x00000000a3f00000)
 Metaspace       used 22687K, capacity 23748K, committed 24064K, reserved 1071104K
  class space    used 2986K, capacity 3223K, committed 3328K, reserved 1048576K
}
Event: 16.327 GC heap before
{Heap before GC invocations=8 (full 1):
 PSYoungGen      total 81920K, used 81851K [0x00000000e0580000, 0x00000000e7300000, 0x0000000100000000)
  eden space 77312K, 100% used [0x00000000e0580000,0x00000000e5100000,0x00000000e5100000)
  from space 4608K, 98% used [0x00000000e6e80000,0x00000000e72eeea0,0x00000000e7300000)
  to   space 9216K, 0% used [0x00000000e6100000,0x00000000e6100000,0x00000000e6a00000)
 ParOldGen       total 48128K, used 9402K [0x00000000a1000000, 0x00000000a3f00000, 0x00000000e0580000)
  object space 48128K, 19% used [0x00000000a1000000,0x00000000a192ea48,0x00000000a3f00000)
 Metaspace       used 28301K, capacity 29940K, committed 30208K, reserved 1075200K
  class space    used 3728K, capacity 4054K, committed 4096K, reserved 1048576K
Event: 16.338 GC heap after
Heap after GC invocations=8 (full 1):
 PSYoungGen      total 102912K, used 9201K [0x00000000e0580000, 0x00000000e9280000, 0x0000000100000000)
  eden space 93696K, 0% used [0x00000000e0580000,0x00000000e0580000,0x00000000e6100000)
  from space 9216K, 99% used [0x00000000e6100000,0x00000000e69fc690,0x00000000e6a00000)
  to   space 11776K, 0% used [0x00000000e8700000,0x00000000e8700000,0x00000000e9280000)
 ParOldGen       total 48128K, used 12274K [0x00000000a1000000, 0x00000000a3f00000, 0x00000000e0580000)
  object space 48128K, 25% used [0x00000000a1000000,0x00000000a1bfcbd8,0x00000000a3f00000)
 Metaspace       used 28301K, capacity 29940K, committed 30208K, reserved 1075200K
  class space    used 3728K, capacity 4054K, committed 4096K, reserved 1048576K
}
Event: 17.725 GC heap before
{Heap before GC invocations=9 (full 1):
 PSYoungGen      total 102912K, used 78958K [0x00000000e0580000, 0x00000000e9280000, 0x0000000100000000)
  eden space 93696K, 74% used [0x00000000e0580000,0x00000000e499f420,0x00000000e6100000)
  from space 9216K, 99% used [0x00000000e6100000,0x00000000e69fc690,0x00000000e6a00000)
  to   space 11776K, 0% used [0x00000000e8700000,0x00000000e8700000,0x00000000e9280000)
 ParOldGen       total 48128K, used 12274K [0x00000000a1000000, 0x00000000a3f00000, 0x00000000e0580000)
  object space 48128K, 25% used [0x00000000a1000000,0x00000000a1bfcbd8,0x00000000a3f00000)
 Metaspace       used 33408K, capacity 35412K, committed 35496K, reserved 1079296K
  class space    used 4446K, capacity 4831K, committed 4864K, reserved 1048576K
Event: 17.739 GC heap after
Heap after GC invocations=9 (full 1):
 PSYoungGen      total 105472K, used 11772K [0x00000000e0580000, 0x00000000e9280000, 0x0000000100000000)
  eden space 93696K, 0% used [0x00000000e0580000,0x00000000e0580000,0x00000000e6100000)
  from space 11776K, 99% used [0x00000000e8700000,0x00000000e927f1d0,0x00000000e9280000)
  to   space 9216K, 0% used [0x00000000e6100000,0x00000000e6100000,0x00000000e6a00000)
 ParOldGen       total 48128K, used 15108K [0x00000000a1000000, 0x00000000a3f00000, 0x00000000e0580000)
  object space 48128K, 31% used [0x00000000a1000000,0x00000000a1ec1380,0x00000000a3f00000)
 Metaspace       used 33408K, capacity 35412K, committed 35496K, reserved 1079296K
  class space    used 4446K, capacity 4831K, committed 4864K, reserved 1048576K
}
Event: 17.739 GC heap before
{Heap before GC invocations=10 (full 2):
 PSYoungGen      total 105472K, used 11772K [0x00000000e0580000, 0x00000000e9280000, 0x0000000100000000)
  eden space 93696K, 0% used [0x00000000e0580000,0x00000000e0580000,0x00000000e6100000)
  from space 11776K, 99% used [0x00000000e8700000,0x00000000e927f1d0,0x00000000e9280000)
  to   space 9216K, 0% used [0x00000000e6100000,0x00000000e6100000,0x00000000e6a00000)
 ParOldGen       total 48128K, used 15108K [0x00000000a1000000, 0x00000000a3f00000, 0x00000000e0580000)
  object space 48128K, 31% used [0x00000000a1000000,0x00000000a1ec1380,0x00000000a3f00000)
 Metaspace       used 33408K, capacity 35412K, committed 35496K, reserved 1079296K
  class space    used 4446K, capacity 4831K, committed 4864K, reserved 1048576K
Event: 17.812 GC heap after
Heap after GC invocations=10 (full 2):
 PSYoungGen      total 105472K, used 0K [0x00000000e0580000, 0x00000000e9280000, 0x0000000100000000)
  eden space 93696K, 0% used [0x00000000e0580000,0x00000000e0580000,0x00000000e6100000)
  from space 11776K, 0% used [0x00000000e8700000,0x00000000e8700000,0x00000000e9280000)
  to   space 9216K, 0% used [0x00000000e6100000,0x00000000e6100000,0x00000000e6a00000)
 ParOldGen       total 48128K, used 19329K [0x00000000a1000000, 0x00000000a3f00000, 0x00000000e0580000)
  object space 48128K, 40% used [0x00000000a1000000,0x00000000a22e0610,0x00000000a3f00000)
 Metaspace       used 33404K, capacity 35406K, committed 35496K, reserved 1079296K
  class space    used 4445K, capacity 4830K, committed 4864K, reserved 1048576K
}

