# JRE version: Java(TM) SE Runtime Environment (8.0_73-b02) (build 1.8.0_73-b02)
# Java VM: Java HotSpot(TM) 64-Bit Server VM (25.73-b02 mixed mode windows-amd64 compressed oops)
Heap:
 PSYoungGen      total 79872K, used 45146K [0x00000000e0580000, 0x00000000e7300000, 0x0000000100000000)
  eden space 75264K, 53% used [0x00000000e0580000,0x00000000e2d2b9d8,0x00000000e4f00000)
  from space 4608K, 98% used [0x00000000e6e80000,0x00000000e72eae90,0x00000000e7300000)
  to   space 9216K, 0% used [0x00000000e6100000,0x00000000e6100000,0x00000000e6a00000)
 ParOldGen       total 47104K, used 7295K [0x00000000a1000000, 0x00000000a3e00000, 0x00000000e0580000)
  object space 47104K, 15% used [0x00000000a1000000,0x00000000a171ff20,0x00000000a3e00000)
 Metaspace       used 26001K, capacity 27483K, committed 27648K, reserved 1075200K
  class space    used 3471K, capacity 3758K, committed 3840K, reserved 1048576K
GC Heap History (10 events):
Event: 3.448 GC heap before
{Heap before GC invocations=3 (full 0):
 PSYoungGen      total 28672K, used 28662K [0x00000000e0580000, 0x00000000e3d80000, 0x0000000100000000)
  eden space 24576K, 100% used [0x00000000e0580000,0x00000000e1d80000,0x00000000e1d80000)
  from space 4096K, 99% used [0x00000000e2180000,0x00000000e257db28,0x00000000e2580000)
  to   space 4096K, 0% used [0x00000000e1d80000,0x00000000e1d80000,0x00000000e2180000)
 ParOldGen       total 65536K, used 3129K [0x00000000a1000000, 0x00000000a5000000, 0x00000000e0580000)
  object space 65536K, 4% used [0x00000000a1000000,0x00000000a130e428,0x00000000a5000000)
 Metaspace       used 15218K, capacity 15752K, committed 16000K, reserved 1062912K
  class space    used 1900K, capacity 2057K, committed 2176K, reserved 1048576K
Event: 3.456 GC heap after
Heap after GC invocations=3 (full 0):
 PSYoungGen      total 28672K, used 4080K [0x00000000e0580000, 0x00000000e3d80000, 0x0000000100000000)
  eden space 24576K, 0% used [0x00000000e0580000,0x00000000e0580000,0x00000000e1d80000)
  from space 4096K, 99% used [0x00000000e1d80000,0x00000000e217c250,0x00000000e2180000)
  to   space 4096K, 0% used [0x00000000e3980000,0x00000000e3980000,0x00000000e3d80000)
 ParOldGen       total 65536K, used 5987K [0x00000000a1000000, 0x00000000a5000000, 0x00000000e0580000)
  object space 65536K, 9% used [0x00000000a1000000,0x00000000a15d8d90,0x00000000a5000000)
 Metaspace       used 15218K, capacity 15752K, committed 16000K, reserved 1062912K
  class space    used 1900K, capacity 2057K, committed 2176K, reserved 1048576K
}
Event: 4.111 GC heap before
{Heap before GC invocations=4 (full 0):
 PSYoungGen      total 28672K, used 28656K [0x00000000e0580000, 0x00000000e3d80000, 0x0000000100000000)
  eden space 24576K, 100% used [0x00000000e0580000,0x00000000e1d80000,0x00000000e1d80000)
  from space 4096K, 99% used [0x00000000e1d80000,0x00000000e217c250,0x00000000e2180000)
  to   space 4096K, 0% used [0x00000000e3980000,0x00000000e3980000,0x00000000e3d80000)
 ParOldGen       total 65536K, used 5987K [0x00000000a1000000, 0x00000000a5000000, 0x00000000e0580000)
  object space 65536K, 9% used [0x00000000a1000000,0x00000000a15d8d90,0x00000000a5000000)
 Metaspace       used 17681K, capacity 18378K, committed 18688K, reserved 1064960K
  class space    used 2277K, capacity 2466K, committed 2560K, reserved 1048576K
Event: 4.118 GC heap after
Heap after GC invocations=4 (full 0):
 PSYoungGen      total 53248K, used 4064K [0x00000000e0580000, 0x00000000e3d80000, 0x0000000100000000)
  eden space 49152K, 0% used [0x00000000e0580000,0x00000000e0580000,0x00000000e3580000)
  from space 4096K, 99% used [0x00000000e3980000,0x00000000e3d78260,0x00000000e3d80000)
  to   space 4096K, 0% used [0x00000000e3580000,0x00000000e3580000,0x00000000e3980000)
 ParOldGen       total 65536K, used 8815K [0x00000000a1000000, 0x00000000a5000000, 0x00000000e0580000)
  object space 65536K, 13% used [0x00000000a1000000,0x00000000a189bfa8,0x00000000a5000000)
 Metaspace       used 17681K, capacity 18378K, committed 18688K, reserved 1064960K
  class space    used 2277K, capacity 2466K, committed 2560K, reserved 1048576K
}
Event: 5.609 GC heap before
{Heap before GC invocations=5 (full 0):
 PSYoungGen      total 53248K, used 32554K [0x00000000e0580000, 0x00000000e3d80000, 0x0000000100000000)
  eden space 49152K, 57% used [0x00000000e0580000,0x00000000e2152998,0x00000000e3580000)
  from space 4096K, 99% used [0x00000000e3980000,0x00000000e3d78260,0x00000000e3d80000)
  to   space 4096K, 0% used [0x00000000e3580000,0x00000000e3580000,0x00000000e3980000)
 ParOldGen       total 65536K, used 8815K [0x00000000a1000000, 0x00000000a5000000, 0x00000000e0580000)
  object space 65536K, 13% used [0x00000000a1000000,0x00000000a189bfa8,0x00000000a5000000)
 Metaspace       used 20321K, capacity 21256K, committed 21296K, reserved 1067008K
  class space    used 2669K, capacity 2911K, committed 2944K, reserved 1048576K
Event: 5.617 GC heap after
Heap after GC invocations=5 (full 0):
 PSYoungGen      total 53248K, used 4091K [0x00000000e0580000, 0x00000000e7780000, 0x0000000100000000)
  eden space 49152K, 0% used [0x00000000e0580000,0x00000000e0580000,0x00000000e3580000)
  from space 4096K, 99% used [0x00000000e3580000,0x00000000e397ee18,0x00000000e3980000)
  to   space 9216K, 0% used [0x00000000e6e80000,0x00000000e6e80000,0x00000000e7780000)
 ParOldGen       total 65536K, used 11832K [0x00000000a1000000, 0x00000000a5000000, 0x00000000e0580000)
  object space 65536K, 18% used [0x00000000a1000000,0x00000000a1b8e390,0x00000000a5000000)
 Metaspace       used 20321K, capacity 21256K, committed 21296K, reserved 1067008K
  class space    used 2669K, capacity 2911K, committed 2944K, reserved 1048576K
}
Event: 5.618 GC heap before
{Heap before GC invocations=6 (full 1):
 PSYoungGen      total 53248K, used 4091K [0x00000000e0580000, 0x00000000e7780000, 0x0000000100000000)
  eden space 49152K, 0% used [0x00000000e0580000,0x00000000e0580000,0x00000000e3580000)
  from space 4096K, 99% used [0x00000000e3580000,0x00000000e397ee18,0x00000000e3980000)
  to   space 9216K, 0% used [0x00000000e6e80000,0x00000000e6e80000,0x00000000e7780000)
 ParOldGen       total 65536K, used 11832K [0x00000000a1000000, 0x00000000a5000000, 0x00000000e0580000)
  object space 65536K, 18% used [0x00000000a1000000,0x00000000a1b8e390,0x00000000a5000000)
 Metaspace       used 20321K, capacity 21256K, committed 21296K, reserved 1067008K
  class space    used 2669K, capacity 2911K, committed 2944K, reserved 1048576K
Event: 5.660 GC heap after
Heap after GC invocations=6 (full 1):
 PSYoungGen      total 53248K, used 0K [0x00000000e0580000, 0x00000000e7780000, 0x0000000100000000)
  eden space 49152K, 0% used [0x00000000e0580000,0x00000000e0580000,0x00000000e3580000)
  from space 4096K, 0% used [0x00000000e3580000,0x00000000e3580000,0x00000000e3980000)
  to   space 9216K, 0% used [0x00000000e6e80000,0x00000000e6e80000,0x00000000e7780000)
 ParOldGen       total 47104K, used 7287K [0x00000000a1000000, 0x00000000a3e00000, 0x00000000e0580000)
  object space 47104K, 15% used [0x00000000a1000000,0x00000000a171df20,0x00000000a3e00000)
 Metaspace       used 20319K, capacity 21250K, committed 21296K, reserved 1067008K
  class space    used 2669K, capacity 2910K, committed 2944K, reserved 1048576K
}
Event: 10.156 GC heap before
{Heap before GC invocations=7 (full 1):
 PSYoungGen      total 53248K, used 49152K [0x00000000e0580000, 0x00000000e7780000, 0x0000000100000000)
  eden space 49152K, 100% used [0x00000000e0580000,0x00000000e3580000,0x00000000e3580000)
  from space 4096K, 0% used [0x00000000e3580000,0x00000000e3580000,0x00000000e3980000)
  to   space 9216K, 0% used [0x00000000e6e80000,0x00000000e6e80000,0x00000000e7780000)
 ParOldGen       total 47104K, used 7287K [0x00000000a1000000, 0x00000000a3e00000, 0x00000000e0580000)
  object space 47104K, 15% used [0x00000000a1000000,0x00000000a171df20,0x00000000a3e00000)
 Metaspace       used 22701K, capacity 23758K, committed 24064K, reserved 1071104K
  class space    used 2989K, capacity 3224K, committed 3328K, reserved 1048576K
Event: 10.162 GC heap after
Heap after GC invocations=7 (full 1):
 PSYoungGen      total 79872K, used 4523K [0x00000000e0580000, 0x00000000e7300000, 0x0000000100000000)
  eden space 75264K, 0% used [0x00000000e0580000,0x00000000e0580000,0x00000000e4f00000)
  from space 4608K, 98% used [0x00000000e6e80000,0x00000000e72eae90,0x00000000e7300000)
  to   space 9216K, 0% used [0x00000000e6100000,0x00000000e6100000,0x00000000e6a00000)
 ParOldGen       total 47104K, used 7295K [0x00000000a1000000, 0x00000000a3e00000, 0x00000000e0580000)
  object space 47104K, 15% used [0x00000000a1000000,0x00000000a171ff20,0x00000000a3e00000)
 Metaspace       used 22701K, capacity 23758K, committed 24064K, reserved 1071104K
  class space    used 2989K, capacity 3224K, committed 3328K, reserved 1048576K
}

